[Wed Mar 06 21:09:21.015427 2024] [mpm_prefork:notice] [pid 12940] AH00163: Apache/2.4.58 (Unix) configured -- resuming normal operations
[Wed Mar 06 21:09:21.015558 2024] [core:notice] [pid 12940] AH00094: Command line: '/opt/homebrew/opt/httpd/bin/httpd'
[Wed Mar 06 22:03:36.785710 2024] [mpm_prefork:notice] [pid 12940] AH00169: caught SIGTERM, shutting down
[Wed Mar 06 23:20:50.849807 2024] [mpm_prefork:notice] [pid 38448] AH00163: Apache/2.4.58 (Unix) PHP/8.3.3 configured -- resuming normal operations
[Wed Mar 06 23:20:50.850293 2024] [core:notice] [pid 38448] AH00094: Command line: '/opt/homebrew/opt/httpd/bin/httpd'
[Wed Mar 06 23:21:33.829062 2024] [core:error] [pid 38449] (13)Permission denied: [client ::1:60677] AH00035: access to /index.php denied (filesystem path '/Users/bashkov/localhost') because search permissions are missing on a component of the path
[Wed Mar 06 23:27:19.156033 2024] [mpm_prefork:notice] [pid 38448] AH00173: SIGHUP received.  Attempting to restart
[Wed Mar 06 23:27:19.173018 2024] [mpm_prefork:notice] [pid 38448] AH00163: Apache/2.4.58 (Unix) PHP/8.3.3 configured -- resuming normal operations
[Wed Mar 06 23:27:19.173033 2024] [core:notice] [pid 38448] AH00094: Command line: '/opt/homebrew/opt/httpd/bin/httpd'
[Wed Mar 06 23:27:22.408728 2024] [core:error] [pid 38538] (13)Permission denied: [client ::1:60742] AH00035: access to /index.php denied (filesystem path '/Users/bashkov/localhost') because search permissions are missing on a component of the path
[Wed Mar 06 23:27:23.504194 2024] [core:error] [pid 38538] (13)Permission denied: [client ::1:60742] AH00035: access to /index.php denied (filesystem path '/Users/bashkov/localhost') because search permissions are missing on a component of the path
[Wed Mar 06 23:27:24.238970 2024] [core:error] [pid 38538] (13)Permission denied: [client ::1:60742] AH00035: access to /index.php denied (filesystem path '/Users/bashkov/localhost') because search permissions are missing on a component of the path
[Wed Mar 06 23:27:59.168900 2024] [core:error] [pid 38537] (13)Permission denied: [client ::1:60754] AH00035: access to /index.php denied (filesystem path '/Users/bashkov/localhost') because search permissions are missing on a component of the path
[Wed Mar 06 23:28:25.072597 2024] [mpm_prefork:notice] [pid 38448] AH00173: SIGHUP received.  Attempting to restart
[Wed Mar 06 23:28:25.090698 2024] [mpm_prefork:notice] [pid 38448] AH00163: Apache/2.4.58 (Unix) PHP/8.3.3 configured -- resuming normal operations
[Wed Mar 06 23:28:25.090712 2024] [core:notice] [pid 38448] AH00094: Command line: '/opt/homebrew/opt/httpd/bin/httpd'
[Wed Mar 06 23:28:27.936593 2024] [core:error] [pid 38563] (13)Permission denied: [client ::1:60760] AH00035: access to /index.php denied (filesystem path '/Users/bashkov/localhost') because search permissions are missing on a component of the path
[Wed Mar 06 23:28:28.938448 2024] [core:error] [pid 38563] (13)Permission denied: [client ::1:60760] AH00035: access to /index.php denied (filesystem path '/Users/bashkov/localhost') because search permissions are missing on a component of the path
[Wed Mar 06 23:32:00.110591 2024] [core:error] [pid 38564] (13)Permission denied: [client ::1:60825] AH00035: access to /index.php denied (filesystem path '/Users/bashkov/localhost') because search permissions are missing on a component of the path
[Wed Mar 06 23:34:59.020017 2024] [mpm_prefork:notice] [pid 38448] AH00173: SIGHUP received.  Attempting to restart
[Wed Mar 06 23:34:59.038502 2024] [mpm_prefork:notice] [pid 38448] AH00163: Apache/2.4.58 (Unix) PHP/8.3.3 configured -- resuming normal operations
[Wed Mar 06 23:34:59.038514 2024] [core:notice] [pid 38448] AH00094: Command line: '/opt/homebrew/opt/httpd/bin/httpd'
[Wed Mar 06 23:35:02.601163 2024] [core:crit] [pid 38657] (13)Permission denied: [client ::1:60965] AH00529: /Users/bashkov/.htaccess pcfg_openfile: unable to check htaccess file, ensure it is readable and that '/Users/bashkov/' is executable
[Wed Mar 06 23:35:03.967565 2024] [core:crit] [pid 38657] (13)Permission denied: [client ::1:60965] AH00529: /Users/bashkov/.htaccess pcfg_openfile: unable to check htaccess file, ensure it is readable and that '/Users/bashkov/' is executable
[Wed Mar 06 23:36:03.454749 2024] [mpm_prefork:notice] [pid 38448] AH00173: SIGHUP received.  Attempting to restart
[Wed Mar 06 23:36:03.473321 2024] [mpm_prefork:notice] [pid 38448] AH00163: Apache/2.4.58 (Unix) PHP/8.3.3 configured -- resuming normal operations
[Wed Mar 06 23:36:03.473335 2024] [core:notice] [pid 38448] AH00094: Command line: '/opt/homebrew/opt/httpd/bin/httpd'
[Wed Mar 06 23:36:07.185446 2024] [core:crit] [pid 38682] (13)Permission denied: [client ::1:60995] AH00529: /Users/bashkov/.htaccess pcfg_openfile: unable to check htaccess file, ensure it is readable and that '/Users/bashkov/' is executable
[Wed Mar 06 23:36:08.181039 2024] [core:crit] [pid 38682] (13)Permission denied: [client ::1:60995] AH00529: /Users/bashkov/.htaccess pcfg_openfile: unable to check htaccess file, ensure it is readable and that '/Users/bashkov/' is executable
[Wed Mar 06 23:36:08.662672 2024] [core:crit] [pid 38682] (13)Permission denied: [client ::1:60995] AH00529: /Users/bashkov/.htaccess pcfg_openfile: unable to check htaccess file, ensure it is readable and that '/Users/bashkov/' is executable
[Wed Mar 06 23:36:08.952782 2024] [core:crit] [pid 38682] (13)Permission denied: [client ::1:60995] AH00529: /Users/bashkov/.htaccess pcfg_openfile: unable to check htaccess file, ensure it is readable and that '/Users/bashkov/' is executable
[Wed Mar 06 23:36:09.189038 2024] [core:crit] [pid 38682] (13)Permission denied: [client ::1:60995] AH00529: /Users/bashkov/.htaccess pcfg_openfile: unable to check htaccess file, ensure it is readable and that '/Users/bashkov/' is executable
[Wed Mar 06 23:37:53.824580 2024] [mpm_prefork:notice] [pid 38448] AH00173: SIGHUP received.  Attempting to restart
[Wed Mar 06 23:37:53.843229 2024] [mpm_prefork:notice] [pid 38448] AH00163: Apache/2.4.58 (Unix) PHP/8.3.3 configured -- resuming normal operations
[Wed Mar 06 23:37:53.843242 2024] [core:notice] [pid 38448] AH00094: Command line: '/opt/homebrew/opt/httpd/bin/httpd'
[Wed Mar 06 23:37:56.715386 2024] [core:crit] [pid 38711] (13)Permission denied: [client ::1:61013] AH00529: /Users/bashkov/.htaccess pcfg_openfile: unable to check htaccess file, ensure it is readable and that '/Users/bashkov/' is executable
[Wed Mar 06 23:41:10.259714 2024] [mpm_prefork:notice] [pid 38448] AH00173: SIGHUP received.  Attempting to restart
[Wed Mar 06 23:41:10.277250 2024] [mpm_prefork:notice] [pid 38448] AH00163: Apache/2.4.58 (Unix) PHP/8.3.3 configured -- resuming normal operations
[Wed Mar 06 23:41:10.277262 2024] [core:notice] [pid 38448] AH00094: Command line: '/opt/homebrew/opt/httpd/bin/httpd'
[Wed Mar 06 23:41:23.141793 2024] [core:crit] [pid 38769] (13)Permission denied: [client ::1:61467] AH00529: /Users/bashkov/.htaccess pcfg_openfile: unable to check htaccess file, ensure it is readable and that '/Users/bashkov/' is executable
[Wed Mar 06 23:42:31.285697 2024] [mpm_prefork:notice] [pid 38448] AH00173: SIGHUP received.  Attempting to restart
[Wed Mar 06 23:42:31.304066 2024] [mpm_prefork:notice] [pid 38448] AH00163: Apache/2.4.58 (Unix) PHP/8.3.3 configured -- resuming normal operations
[Wed Mar 06 23:42:31.304080 2024] [core:notice] [pid 38448] AH00094: Command line: '/opt/homebrew/opt/httpd/bin/httpd'
[Wed Mar 06 23:42:33.760042 2024] [core:crit] [pid 38796] (13)Permission denied: [client ::1:61491] AH00529: /Users/bashkov/.htaccess pcfg_openfile: unable to check htaccess file, ensure it is readable and that '/Users/bashkov/' is executable
[Wed Mar 06 23:42:34.626391 2024] [core:crit] [pid 38796] (13)Permission denied: [client ::1:61491] AH00529: /Users/bashkov/.htaccess pcfg_openfile: unable to check htaccess file, ensure it is readable and that '/Users/bashkov/' is executable
[Wed Mar 06 23:42:35.055401 2024] [core:crit] [pid 38796] (13)Permission denied: [client ::1:61491] AH00529: /Users/bashkov/.htaccess pcfg_openfile: unable to check htaccess file, ensure it is readable and that '/Users/bashkov/' is executable
[Wed Mar 06 23:42:35.381518 2024] [core:crit] [pid 38796] (13)Permission denied: [client ::1:61491] AH00529: /Users/bashkov/.htaccess pcfg_openfile: unable to check htaccess file, ensure it is readable and that '/Users/bashkov/' is executable
[Wed Mar 06 23:42:35.851313 2024] [core:crit] [pid 38796] (13)Permission denied: [client ::1:61491] AH00529: /Users/bashkov/.htaccess pcfg_openfile: unable to check htaccess file, ensure it is readable and that '/Users/bashkov/' is executable
[Wed Mar 06 23:44:19.356386 2024] [mpm_prefork:notice] [pid 38448] AH00173: SIGHUP received.  Attempting to restart
[Wed Mar 06 23:44:19.374566 2024] [mpm_prefork:notice] [pid 38448] AH00163: Apache/2.4.58 (Unix) PHP/8.3.3 configured -- resuming normal operations
[Wed Mar 06 23:44:19.374578 2024] [core:notice] [pid 38448] AH00094: Command line: '/opt/homebrew/opt/httpd/bin/httpd'
[Wed Mar 06 23:44:22.663502 2024] [core:crit] [pid 38827] (13)Permission denied: [client ::1:61531] AH00529: /Users/bashkov/.htaccess pcfg_openfile: unable to check htaccess file, ensure it is readable and that '/Users/bashkov/' is executable
[Wed Mar 06 23:44:23.514295 2024] [core:crit] [pid 38827] (13)Permission denied: [client ::1:61531] AH00529: /Users/bashkov/.htaccess pcfg_openfile: unable to check htaccess file, ensure it is readable and that '/Users/bashkov/' is executable
[Wed Mar 06 23:44:24.108468 2024] [core:crit] [pid 38827] (13)Permission denied: [client ::1:61531] AH00529: /Users/bashkov/.htaccess pcfg_openfile: unable to check htaccess file, ensure it is readable and that '/Users/bashkov/' is executable
[Wed Mar 06 23:44:24.736900 2024] [core:crit] [pid 38827] (13)Permission denied: [client ::1:61531] AH00529: /Users/bashkov/.htaccess pcfg_openfile: unable to check htaccess file, ensure it is readable and that '/Users/bashkov/' is executable
[Wed Mar 06 23:44:25.207752 2024] [core:crit] [pid 38827] (13)Permission denied: [client ::1:61531] AH00529: /Users/bashkov/.htaccess pcfg_openfile: unable to check htaccess file, ensure it is readable and that '/Users/bashkov/' is executable
[Wed Mar 06 23:44:25.572267 2024] [core:crit] [pid 38827] (13)Permission denied: [client ::1:61531] AH00529: /Users/bashkov/.htaccess pcfg_openfile: unable to check htaccess file, ensure it is readable and that '/Users/bashkov/' is executable
[Wed Mar 06 23:44:25.880105 2024] [core:crit] [pid 38827] (13)Permission denied: [client ::1:61531] AH00529: /Users/bashkov/.htaccess pcfg_openfile: unable to check htaccess file, ensure it is readable and that '/Users/bashkov/' is executable
[Wed Mar 06 23:44:26.128581 2024] [core:crit] [pid 38827] (13)Permission denied: [client ::1:61531] AH00529: /Users/bashkov/.htaccess pcfg_openfile: unable to check htaccess file, ensure it is readable and that '/Users/bashkov/' is executable
[Wed Mar 06 23:44:26.380172 2024] [core:crit] [pid 38827] (13)Permission denied: [client ::1:61531] AH00529: /Users/bashkov/.htaccess pcfg_openfile: unable to check htaccess file, ensure it is readable and that '/Users/bashkov/' is executable
[Wed Mar 06 23:48:15.295452 2024] [core:crit] [pid 38828] (13)Permission denied: [client ::1:61571] AH00529: /Users/bashkov/.htaccess pcfg_openfile: unable to check htaccess file, ensure it is readable and that '/Users/bashkov/' is executable
[Wed Mar 06 23:48:16.246237 2024] [core:crit] [pid 38828] (13)Permission denied: [client ::1:61571] AH00529: /Users/bashkov/.htaccess pcfg_openfile: unable to check htaccess file, ensure it is readable and that '/Users/bashkov/' is executable
[Wed Mar 06 23:48:47.350646 2024] [mpm_prefork:notice] [pid 38448] AH00173: SIGHUP received.  Attempting to restart
[Wed Mar 06 23:48:47.368536 2024] [mpm_prefork:notice] [pid 38448] AH00163: Apache/2.4.58 (Unix) PHP/8.3.3 configured -- resuming normal operations
[Wed Mar 06 23:48:47.368573 2024] [core:notice] [pid 38448] AH00094: Command line: '/opt/homebrew/opt/httpd/bin/httpd'
[Wed Mar 06 23:48:51.579053 2024] [core:crit] [pid 38927] (13)Permission denied: [client ::1:61576] AH00529: /Users/bashkov/.htaccess pcfg_openfile: unable to check htaccess file, ensure it is readable and that '/Users/bashkov/' is executable
[Wed Mar 06 23:48:52.381570 2024] [core:crit] [pid 38927] (13)Permission denied: [client ::1:61576] AH00529: /Users/bashkov/.htaccess pcfg_openfile: unable to check htaccess file, ensure it is readable and that '/Users/bashkov/' is executable
[Wed Mar 06 23:48:52.714562 2024] [core:crit] [pid 38927] (13)Permission denied: [client ::1:61576] AH00529: /Users/bashkov/.htaccess pcfg_openfile: unable to check htaccess file, ensure it is readable and that '/Users/bashkov/' is executable
[Wed Mar 06 23:48:52.976817 2024] [core:crit] [pid 38927] (13)Permission denied: [client ::1:61576] AH00529: /Users/bashkov/.htaccess pcfg_openfile: unable to check htaccess file, ensure it is readable and that '/Users/bashkov/' is executable
[Wed Mar 06 23:48:53.271808 2024] [core:crit] [pid 38927] (13)Permission denied: [client ::1:61576] AH00529: /Users/bashkov/.htaccess pcfg_openfile: unable to check htaccess file, ensure it is readable and that '/Users/bashkov/' is executable
[Wed Mar 06 23:48:53.533733 2024] [core:crit] [pid 38927] (13)Permission denied: [client ::1:61576] AH00529: /Users/bashkov/.htaccess pcfg_openfile: unable to check htaccess file, ensure it is readable and that '/Users/bashkov/' is executable
[Wed Mar 06 23:48:53.770446 2024] [core:crit] [pid 38927] (13)Permission denied: [client ::1:61576] AH00529: /Users/bashkov/.htaccess pcfg_openfile: unable to check htaccess file, ensure it is readable and that '/Users/bashkov/' is executable
[Wed Mar 06 23:48:53.999291 2024] [core:crit] [pid 38927] (13)Permission denied: [client ::1:61576] AH00529: /Users/bashkov/.htaccess pcfg_openfile: unable to check htaccess file, ensure it is readable and that '/Users/bashkov/' is executable
[Wed Mar 06 23:49:11.509893 2024] [core:crit] [pid 38926] (13)Permission denied: [client ::1:61634] AH00529: /Users/bashkov/.htaccess pcfg_openfile: unable to check htaccess file, ensure it is readable and that '/Users/bashkov/' is executable
[Wed Mar 06 23:50:41.382380 2024] [mpm_prefork:notice] [pid 38448] AH00169: caught SIGTERM, shutting down
[Wed Mar 06 23:57:51.406085 2024] [mpm_prefork:notice] [pid 1528] AH00163: Apache/2.4.58 (Unix) PHP/8.3.3 configured -- resuming normal operations
[Wed Mar 06 23:57:51.406391 2024] [core:notice] [pid 1528] AH00094: Command line: '/opt/homebrew/opt/httpd/bin/httpd'
[Wed Mar 06 23:57:56.819705 2024] [core:crit] [pid 1530] (13)Permission denied: [client ::1:49390] AH00529: /Users/bashkov/.htaccess pcfg_openfile: unable to check htaccess file, ensure it is readable and that '/Users/bashkov/' is executable
[Thu Mar 07 00:06:57.971177 2024] [mpm_prefork:notice] [pid 1528] AH00173: SIGHUP received.  Attempting to restart
[Thu Mar 07 00:06:57.988507 2024] [mpm_prefork:notice] [pid 1528] AH00163: Apache/2.4.58 (Unix) PHP/8.3.3 configured -- resuming normal operations
[Thu Mar 07 00:06:57.988519 2024] [core:notice] [pid 1528] AH00094: Command line: '/opt/homebrew/opt/httpd/bin/httpd'
[Thu Mar 07 00:07:03.772653 2024] [core:crit] [pid 1613] (13)Permission denied: [client ::1:50126] AH00529: /Users/bashkov/.htaccess pcfg_openfile: unable to check htaccess file, ensure it is readable and that '/Users/bashkov/' is executable
[Thu Mar 07 00:07:04.785411 2024] [core:crit] [pid 1613] (13)Permission denied: [client ::1:50126] AH00529: /Users/bashkov/.htaccess pcfg_openfile: unable to check htaccess file, ensure it is readable and that '/Users/bashkov/' is executable
[Thu Mar 07 00:07:05.690736 2024] [core:crit] [pid 1613] (13)Permission denied: [client ::1:50126] AH00529: /Users/bashkov/.htaccess pcfg_openfile: unable to check htaccess file, ensure it is readable and that '/Users/bashkov/' is executable
[Thu Mar 07 00:07:06.394418 2024] [core:crit] [pid 1613] (13)Permission denied: [client ::1:50126] AH00529: /Users/bashkov/.htaccess pcfg_openfile: unable to check htaccess file, ensure it is readable and that '/Users/bashkov/' is executable
[Thu Mar 07 00:07:15.647283 2024] [core:crit] [pid 1615] (13)Permission denied: [client ::1:50152] AH00529: /Users/bashkov/.htaccess pcfg_openfile: unable to check htaccess file, ensure it is readable and that '/Users/bashkov/' is executable
[Thu Mar 07 00:16:14.219761 2024] [core:crit] [pid 1614] (13)Permission denied: [client ::1:50699] AH00529: /Users/bashkov/.htaccess pcfg_openfile: unable to check htaccess file, ensure it is readable and that '/Users/bashkov/' is executable
[Thu Mar 07 00:16:14.962771 2024] [core:crit] [pid 1614] (13)Permission denied: [client ::1:50699] AH00529: /Users/bashkov/.htaccess pcfg_openfile: unable to check htaccess file, ensure it is readable and that '/Users/bashkov/' is executable
[Thu Mar 07 00:16:15.531249 2024] [core:crit] [pid 1614] (13)Permission denied: [client ::1:50699] AH00529: /Users/bashkov/.htaccess pcfg_openfile: unable to check htaccess file, ensure it is readable and that '/Users/bashkov/' is executable
[Thu Mar 07 00:20:50.415801 2024] [mpm_prefork:notice] [pid 1528] AH00173: SIGHUP received.  Attempting to restart
[Thu Mar 07 00:20:50.432585 2024] [mpm_prefork:notice] [pid 1528] AH00163: Apache/2.4.58 (Unix) PHP/8.3.3 configured -- resuming normal operations
[Thu Mar 07 00:20:50.432598 2024] [core:notice] [pid 1528] AH00094: Command line: '/opt/homebrew/opt/httpd/bin/httpd'
[Thu Mar 07 00:20:53.566321 2024] [core:crit] [pid 2233] (13)Permission denied: [client ::1:50788] AH00529: /Users/bashkov/.htaccess pcfg_openfile: unable to check htaccess file, ensure it is readable and that '/Users/bashkov/' is executable
[Thu Mar 07 00:20:54.345890 2024] [core:crit] [pid 2233] (13)Permission denied: [client ::1:50788] AH00529: /Users/bashkov/.htaccess pcfg_openfile: unable to check htaccess file, ensure it is readable and that '/Users/bashkov/' is executable
[Thu Mar 07 00:20:54.920491 2024] [core:crit] [pid 2233] (13)Permission denied: [client ::1:50788] AH00529: /Users/bashkov/.htaccess pcfg_openfile: unable to check htaccess file, ensure it is readable and that '/Users/bashkov/' is executable
[Thu Mar 07 00:20:55.193178 2024] [core:crit] [pid 2233] (13)Permission denied: [client ::1:50788] AH00529: /Users/bashkov/.htaccess pcfg_openfile: unable to check htaccess file, ensure it is readable and that '/Users/bashkov/' is executable
[Thu Mar 07 00:20:55.406641 2024] [core:crit] [pid 2233] (13)Permission denied: [client ::1:50788] AH00529: /Users/bashkov/.htaccess pcfg_openfile: unable to check htaccess file, ensure it is readable and that '/Users/bashkov/' is executable
[Thu Mar 07 00:20:55.606708 2024] [core:crit] [pid 2233] (13)Permission denied: [client ::1:50788] AH00529: /Users/bashkov/.htaccess pcfg_openfile: unable to check htaccess file, ensure it is readable and that '/Users/bashkov/' is executable
[Thu Mar 07 00:22:35.089991 2024] [core:crit] [pid 2231] (13)Permission denied: [client ::1:50835] AH00529: /Users/bashkov/.htaccess pcfg_openfile: unable to check htaccess file, ensure it is readable and that '/Users/bashkov/' is executable
[Thu Mar 07 00:25:20.188301 2024] [core:crit] [pid 2234] (13)Permission denied: [client ::1:50991] AH00529: /Users/bashkov/.htaccess pcfg_openfile: unable to check htaccess file, ensure it is readable and that '/Users/bashkov/' is executable
[Thu Mar 07 00:25:20.948983 2024] [core:crit] [pid 2234] (13)Permission denied: [client ::1:50991] AH00529: /Users/bashkov/.htaccess pcfg_openfile: unable to check htaccess file, ensure it is readable and that '/Users/bashkov/' is executable
[Thu Mar 07 00:25:28.319395 2024] [mpm_prefork:notice] [pid 1528] AH00173: SIGHUP received.  Attempting to restart
[Thu Mar 07 00:25:28.337599 2024] [mpm_prefork:notice] [pid 1528] AH00163: Apache/2.4.58 (Unix) PHP/8.3.3 configured -- resuming normal operations
[Thu Mar 07 00:25:28.337611 2024] [core:notice] [pid 1528] AH00094: Command line: '/opt/homebrew/opt/httpd/bin/httpd'
[Thu Mar 07 00:25:31.845735 2024] [core:crit] [pid 2293] (13)Permission denied: [client ::1:50992] AH00529: /Users/bashkov/.htaccess pcfg_openfile: unable to check htaccess file, ensure it is readable and that '/Users/bashkov/' is executable
[Thu Mar 07 00:25:32.319230 2024] [core:crit] [pid 2293] (13)Permission denied: [client ::1:50992] AH00529: /Users/bashkov/.htaccess pcfg_openfile: unable to check htaccess file, ensure it is readable and that '/Users/bashkov/' is executable
[Thu Mar 07 00:25:32.523523 2024] [core:crit] [pid 2293] (13)Permission denied: [client ::1:50992] AH00529: /Users/bashkov/.htaccess pcfg_openfile: unable to check htaccess file, ensure it is readable and that '/Users/bashkov/' is executable
[Thu Mar 07 00:25:32.721619 2024] [core:crit] [pid 2293] (13)Permission denied: [client ::1:50992] AH00529: /Users/bashkov/.htaccess pcfg_openfile: unable to check htaccess file, ensure it is readable and that '/Users/bashkov/' is executable
[Thu Mar 07 00:25:32.878286 2024] [core:crit] [pid 2293] (13)Permission denied: [client ::1:50992] AH00529: /Users/bashkov/.htaccess pcfg_openfile: unable to check htaccess file, ensure it is readable and that '/Users/bashkov/' is executable
[Thu Mar 07 00:25:33.024673 2024] [core:crit] [pid 2293] (13)Permission denied: [client ::1:50992] AH00529: /Users/bashkov/.htaccess pcfg_openfile: unable to check htaccess file, ensure it is readable and that '/Users/bashkov/' is executable
[Thu Mar 07 00:25:33.178140 2024] [core:crit] [pid 2293] (13)Permission denied: [client ::1:50992] AH00529: /Users/bashkov/.htaccess pcfg_openfile: unable to check htaccess file, ensure it is readable and that '/Users/bashkov/' is executable
[Thu Mar 07 00:27:25.913591 2024] [mpm_prefork:notice] [pid 1528] AH00173: SIGHUP received.  Attempting to restart
[Thu Mar 07 00:27:25.931988 2024] [mpm_prefork:notice] [pid 1528] AH00163: Apache/2.4.58 (Unix) PHP/8.3.3 configured -- resuming normal operations
[Thu Mar 07 00:27:25.932002 2024] [core:notice] [pid 1528] AH00094: Command line: '/opt/homebrew/opt/httpd/bin/httpd'
[Thu Mar 07 00:27:29.800732 2024] [core:crit] [pid 2315] (13)Permission denied: [client ::1:51162] AH00529: /Users/bashkov/.htaccess pcfg_openfile: unable to check htaccess file, ensure it is readable and that '/Users/bashkov/' is executable
[Thu Mar 07 00:27:30.576834 2024] [core:crit] [pid 2315] (13)Permission denied: [client ::1:51162] AH00529: /Users/bashkov/.htaccess pcfg_openfile: unable to check htaccess file, ensure it is readable and that '/Users/bashkov/' is executable
[Thu Mar 07 00:27:30.920676 2024] [core:crit] [pid 2315] (13)Permission denied: [client ::1:51162] AH00529: /Users/bashkov/.htaccess pcfg_openfile: unable to check htaccess file, ensure it is readable and that '/Users/bashkov/' is executable
[Thu Mar 07 00:27:31.169633 2024] [core:crit] [pid 2315] (13)Permission denied: [client ::1:51162] AH00529: /Users/bashkov/.htaccess pcfg_openfile: unable to check htaccess file, ensure it is readable and that '/Users/bashkov/' is executable
[Thu Mar 07 00:30:51.674248 2024] [mpm_prefork:notice] [pid 1528] AH00173: SIGHUP received.  Attempting to restart
[Thu Mar 07 00:30:51.690362 2024] [mpm_prefork:notice] [pid 1528] AH00163: Apache/2.4.58 (Unix) PHP/8.3.3 configured -- resuming normal operations
[Thu Mar 07 00:30:51.690394 2024] [core:notice] [pid 1528] AH00094: Command line: '/opt/homebrew/opt/httpd/bin/httpd'
[Thu Mar 07 00:30:56.852829 2024] [core:alert] [pid 2389] [client ::1:51358] /Users/bashkov/localhost/.htaccess: Invalid command 'RewriteEngine', perhaps misspelled or defined by a module not included in the server configuration
[Thu Mar 07 00:30:58.221636 2024] [core:alert] [pid 2388] [client ::1:51367] /Users/bashkov/localhost/.htaccess: Invalid command 'RewriteEngine', perhaps misspelled or defined by a module not included in the server configuration
[Thu Mar 07 00:32:12.886206 2024] [core:alert] [pid 2390] [client ::1:51396] /Users/bashkov/localhost/.htaccess: Invalid command 'RewriteEngine', perhaps misspelled or defined by a module not included in the server configuration
[Thu Mar 07 00:34:33.386979 2024] [mpm_prefork:notice] [pid 1528] AH00173: SIGHUP received.  Attempting to restart
[Thu Mar 07 00:34:33.411344 2024] [mpm_prefork:notice] [pid 1528] AH00163: Apache/2.4.58 (Unix) PHP/8.3.3 configured -- resuming normal operations
[Thu Mar 07 00:34:33.411381 2024] [core:notice] [pid 1528] AH00094: Command line: '/opt/homebrew/opt/httpd/bin/httpd'
[Thu Mar 07 00:51:01.753039 2024] [php:warn] [pid 2426] [client ::1:52229] PHP Warning:  Undefined array key 1 in /Users/bashkov/localhost/index.php on line 20
[Thu Mar 07 00:57:53.767415 2024] [php:warn] [pid 2427] [client ::1:52490] PHP Warning:  Undefined array key "url" in /Users/bashkov/localhost/index.php on line 2
[Thu Mar 07 09:34:40.222163 2024] [php:warn] [pid 2425] [client ::1:52621] PHP Warning:  Undefined array key "get" in /Users/bashkov/localhost/index.php on line 5
[Thu Mar 07 09:35:07.676768 2024] [php:warn] [pid 2424] [client ::1:52622] PHP Warning:  Undefined array key "get" in /Users/bashkov/localhost/index.php on line 5
[Thu Mar 07 09:35:09.328907 2024] [php:warn] [pid 2424] [client ::1:52622] PHP Warning:  Undefined array key "get" in /Users/bashkov/localhost/index.php on line 5
[Thu Mar 07 09:35:16.833198 2024] [php:warn] [pid 2426] [client ::1:52624] PHP Warning:  Undefined array key "get" in /Users/bashkov/localhost/index.php on line 5
[Thu Mar 07 09:35:18.929965 2024] [php:warn] [pid 2426] [client ::1:52624] PHP Warning:  Undefined array key "get" in /Users/bashkov/localhost/index.php on line 5
[Thu Mar 07 09:35:20.248978 2024] [php:warn] [pid 2426] [client ::1:52624] PHP Warning:  Undefined array key "get" in /Users/bashkov/localhost/index.php on line 5
[Thu Mar 07 09:36:25.956826 2024] [php:warn] [pid 2427] [client ::1:52626] PHP Warning:  Undefined array key "get" in /Users/bashkov/localhost/index.php on line 5
[Thu Mar 07 09:36:26.653642 2024] [php:warn] [pid 2427] [client ::1:52626] PHP Warning:  Undefined array key "get" in /Users/bashkov/localhost/index.php on line 5
[Thu Mar 07 09:36:49.240782 2024] [php:warn] [pid 2428] [client ::1:52627] PHP Warning:  Undefined array key "get" in /Users/bashkov/localhost/index.php on line 5
[Thu Mar 07 09:36:51.133305 2024] [php:warn] [pid 2428] [client ::1:52627] PHP Warning:  Undefined array key "get" in /Users/bashkov/localhost/index.php on line 5
[Thu Mar 07 09:38:30.565050 2024] [php:warn] [pid 2430] [client ::1:52630] PHP Warning:  Undefined array key "get" in /Users/bashkov/localhost/index.php on line 5
[Thu Mar 07 09:38:31.418777 2024] [php:warn] [pid 2430] [client ::1:52630] PHP Warning:  Undefined array key "get" in /Users/bashkov/localhost/index.php on line 5
[Thu Mar 07 09:38:32.067711 2024] [php:warn] [pid 2430] [client ::1:52630] PHP Warning:  Undefined array key "get" in /Users/bashkov/localhost/index.php on line 5
[Thu Mar 07 09:38:32.746343 2024] [php:warn] [pid 2430] [client ::1:52630] PHP Warning:  Undefined array key "get" in /Users/bashkov/localhost/index.php on line 5
[Thu Mar 07 09:45:07.947268 2024] [php:warn] [pid 2425] [client ::1:52845] PHP Warning:  Undefined array key "get" in /Users/bashkov/localhost/index.php on line 5
[Thu Mar 07 09:45:12.166986 2024] [php:warn] [pid 2425] [client ::1:52845] PHP Warning:  Undefined array key "get" in /Users/bashkov/localhost/index.php on line 5
[Thu Mar 07 09:45:45.452461 2024] [php:warn] [pid 2424] [client ::1:52851] PHP Warning:  Undefined array key "get" in /Users/bashkov/localhost/index.php on line 5
[Thu Mar 07 09:54:07.441179 2024] [php:warn] [pid 2428] [client ::1:53021] PHP Warning:  Undefined array key "url" in /Users/bashkov/localhost/index.php on line 26
[Thu Mar 07 09:54:10.662588 2024] [php:warn] [pid 2428] [client ::1:53021] PHP Warning:  Undefined array key "url" in /Users/bashkov/localhost/index.php on line 26
[Thu Mar 07 09:54:32.806178 2024] [php:warn] [pid 2430] [client ::1:53027] PHP Warning:  Undefined array key "url" in /Users/bashkov/localhost/index.php on line 26
[Thu Mar 07 09:54:33.924752 2024] [php:warn] [pid 2430] [client ::1:53027] PHP Warning:  Undefined array key "url" in /Users/bashkov/localhost/index.php on line 26
[Thu Mar 07 09:54:34.793742 2024] [php:warn] [pid 2430] [client ::1:53027] PHP Warning:  Undefined array key "url" in /Users/bashkov/localhost/index.php on line 26
[Thu Mar 07 09:56:41.328387 2024] [php:warn] [pid 2425] [client ::1:53085] PHP Warning:  Undefined array key "url" in /Users/bashkov/localhost/index.php on line 5
[Thu Mar 07 09:56:43.147692 2024] [php:warn] [pid 2425] [client ::1:53085] PHP Warning:  Undefined array key "url" in /Users/bashkov/localhost/index.php on line 5
[Thu Mar 07 09:56:46.096593 2024] [php:warn] [pid 2425] [client ::1:53085] PHP Warning:  Undefined array key "url" in /Users/bashkov/localhost/index.php on line 5
[Thu Mar 07 09:56:48.869463 2024] [php:warn] [pid 2425] [client ::1:53085] PHP Warning:  Undefined array key "url" in /Users/bashkov/localhost/index.php on line 5
[Thu Mar 07 09:57:37.866607 2024] [php:warn] [pid 2424] [client ::1:53091] PHP Warning:  Undefined array key "url" in /Users/bashkov/localhost/index.php on line 5
[Thu Mar 07 10:01:21.310041 2024] [php:warn] [pid 2426] [client ::1:53118] PHP Warning:  Undefined array key "url" in /Users/bashkov/localhost/index.php on line 5
[Thu Mar 07 10:01:23.375173 2024] [php:warn] [pid 2426] [client ::1:53118] PHP Warning:  Undefined array key "url" in /Users/bashkov/localhost/index.php on line 5
[Thu Mar 07 10:01:24.788449 2024] [php:warn] [pid 2426] [client ::1:53118] PHP Warning:  Undefined array key "url" in /Users/bashkov/localhost/index.php on line 5
[Thu Mar 07 10:01:25.655107 2024] [php:warn] [pid 2426] [client ::1:53118] PHP Warning:  Undefined array key "url" in /Users/bashkov/localhost/index.php on line 5
[Thu Mar 07 10:01:29.183575 2024] [php:warn] [pid 2426] [client ::1:53118] PHP Warning:  Undefined array key "url" in /Users/bashkov/localhost/index.php on line 5
[Thu Mar 07 10:01:32.506746 2024] [php:warn] [pid 2426] [client ::1:53118] PHP Warning:  Undefined array key "url" in /Users/bashkov/localhost/index.php on line 5
[Thu Mar 07 10:02:40.237984 2024] [php:warn] [pid 2427] [client ::1:53134] PHP Warning:  Undefined array key "url" in /Users/bashkov/localhost/index.php on line 5
[Thu Mar 07 10:06:32.300013 2024] [php:warn] [pid 2428] [client ::1:53152] PHP Warning:  Undefined array key "get" in /Users/bashkov/localhost/index.php on line 4
[Thu Mar 07 10:07:18.773644 2024] [php:warn] [pid 2430] [client ::1:53154] PHP Warning:  Undefined array key 1 in /Users/bashkov/localhost/index.php on line 16
[Thu Mar 07 10:08:01.616714 2024] [php:error] [pid 2425] [client ::1:53156] PHP Fatal error:  Uncaught TypeError: explode(): Argument #2 ($string) must be of type string, array given in /Users/bashkov/localhost/index.php:14\nStack trace:\n#0 /Users/bashkov/localhost/index.php(14): explode(',', Array)\n#1 {main}\n  thrown in /Users/bashkov/localhost/index.php on line 14
[Thu Mar 07 10:08:10.835046 2024] [php:warn] [pid 2424] [client ::1:53157] PHP Warning:  Undefined array key "get" in /Users/bashkov/localhost/index.php on line 4
[Thu Mar 07 10:08:20.569704 2024] [php:error] [pid 2426] [client ::1:53158] PHP Fatal error:  Uncaught TypeError: explode(): Argument #2 ($string) must be of type string, array given in /Users/bashkov/localhost/index.php:14\nStack trace:\n#0 /Users/bashkov/localhost/index.php(14): explode(',', Array)\n#1 {main}\n  thrown in /Users/bashkov/localhost/index.php on line 14
[Thu Mar 07 10:08:22.095925 2024] [php:warn] [pid 2426] [client ::1:53158] PHP Warning:  Undefined array key "get" in /Users/bashkov/localhost/index.php on line 4
[Thu Mar 07 10:08:23.045679 2024] [php:warn] [pid 2426] [client ::1:53158] PHP Warning:  Undefined array key "get" in /Users/bashkov/localhost/index.php on line 4
[Thu Mar 07 10:08:43.516423 2024] [php:warn] [pid 2427] [client ::1:53163] PHP Warning:  Undefined array key "get" in /Users/bashkov/localhost/index.php on line 4
[Thu Mar 07 10:08:48.574337 2024] [php:warn] [pid 2428] [client ::1:53165] PHP Warning:  Undefined array key "get" in /Users/bashkov/localhost/index.php on line 4
[Thu Mar 07 10:20:13.259078 2024] [php:warn] [pid 2425] [client ::1:54069] PHP Warning:  Undefined array key "name-url" in /Users/bashkov/localhost/index.php on line 76
[Thu Mar 07 10:20:13.260523 2024] [php:warn] [pid 2425] [client ::1:54069] PHP Warning:  Undefined array key 2 in /Users/bashkov/localhost/index.php on line 78
[Thu Mar 07 10:24:26.994740 2024] [php:warn] [pid 2424] [client ::1:54124] PHP Warning:  Undefined array key 1 in /Users/bashkov/localhost/index.php on line 15
[Thu Mar 07 10:24:39.454581 2024] [php:warn] [pid 2426] [client ::1:54125] PHP Warning:  Undefined array key 1 in /Users/bashkov/localhost/index.php on line 16
[Thu Mar 07 10:24:53.672533 2024] [php:warn] [pid 2427] [client ::1:54131] PHP Warning:  Undefined array key "get" in /Users/bashkov/localhost/index.php on line 6
[Thu Mar 07 10:24:53.673477 2024] [php:warn] [pid 2427] [client ::1:54131] PHP Warning:  Undefined array key 1 in /Users/bashkov/localhost/index.php on line 16
[Thu Mar 07 10:24:56.691179 2024] [php:warn] [pid 2427] [client ::1:54131] PHP Warning:  Undefined array key 1 in /Users/bashkov/localhost/index.php on line 16
[Thu Mar 07 10:24:57.390225 2024] [php:warn] [pid 2427] [client ::1:54131] PHP Warning:  Undefined array key 1 in /Users/bashkov/localhost/index.php on line 16
[Thu Mar 07 10:25:38.030035 2024] [php:warn] [pid 2428] [client ::1:54139] PHP Warning:  Undefined array key 1 in /Users/bashkov/localhost/index.php on line 16
[Thu Mar 07 10:25:46.765979 2024] [php:warn] [pid 2430] [client ::1:54140] PHP Warning:  Undefined array key 1 in /Users/bashkov/localhost/index.php on line 16
[Thu Mar 07 10:26:43.837686 2024] [php:warn] [pid 2424] [client ::1:54155] PHP Warning:  Undefined array key 1 in /Users/bashkov/localhost/index.php on line 16
[Thu Mar 07 10:26:47.245639 2024] [php:warn] [pid 2424] [client ::1:54155] PHP Warning:  Undefined array key 1 in /Users/bashkov/localhost/index.php on line 16
[Thu Mar 07 10:26:52.225860 2024] [php:warn] [pid 2424] [client ::1:54155] PHP Warning:  Undefined array key 1 in /Users/bashkov/localhost/index.php on line 16
[Thu Mar 07 10:28:00.244942 2024] [php:warn] [pid 2426] [client ::1:54166] PHP Warning:  Undefined array key 1 in /Users/bashkov/localhost/index.php on line 16
[Thu Mar 07 10:28:06.358380 2024] [php:warn] [pid 2426] [client ::1:54166] PHP Warning:  Undefined array key 1 in /Users/bashkov/localhost/index.php on line 16
[Thu Mar 07 10:50:01.165947 2024] [php:warn] [pid 2425] [client ::1:54557] PHP Warning:  fopen(/tmp/inputfile.txt): Failed to open stream: No such file or directory in /Users/bashkov/localhost/index.php on line 12
[Thu Mar 07 16:00:34.780359 2024] [php:error] [pid 2430] [client ::1:54702] PHP Fatal error:  Maximum execution time of 30 seconds exceeded in /Users/bashkov/localhost/index.php on line 50
[Thu Mar 07 16:14:05.579651 2024] [php:error] [pid 2425] [client ::1:54776] PHP Fatal error:  Maximum execution time of 30 seconds exceeded in /Users/bashkov/localhost/index.php on line 50
[Thu Mar 07 16:15:42.161609 2024] [php:error] [pid 4604] [client ::1:54778] PHP Fatal error:  Maximum execution time of 30 seconds exceeded in /Users/bashkov/localhost/index.php on line 50
[Thu Mar 07 22:36:19.928097 2024] [php:error] [pid 2427] [client ::1:57456] PHP Fatal error:  Maximum execution time of 30 seconds exceeded in /Users/bashkov/localhost/index.php on line 50
[Thu Mar 07 22:38:23.639481 2024] [php:error] [pid 2428] [client ::1:57500] PHP Parse error:  Unmatched '}' in /Users/bashkov/localhost/index.php on line 64
[Thu Mar 07 22:38:24.955019 2024] [php:error] [pid 2428] [client ::1:57500] PHP Parse error:  Unmatched '}' in /Users/bashkov/localhost/index.php on line 64
[Thu Mar 07 22:38:41.770921 2024] [php:error] [pid 2430] [client ::1:57503] PHP Parse error:  syntax error, unexpected token "else", expecting end of file in /Users/bashkov/localhost/index.php on line 64
[Thu Mar 07 22:38:42.953341 2024] [php:error] [pid 2430] [client ::1:57503] PHP Parse error:  syntax error, unexpected token "else", expecting end of file in /Users/bashkov/localhost/index.php on line 64
[Thu Mar 07 22:41:54.541633 2024] [php:error] [pid 2425] [client ::1:57539] PHP Fatal error:  Maximum execution time of 30 seconds exceeded in /Users/bashkov/localhost/index.php on line 52
[Thu Mar 07 22:42:22.933051 2024] [php:error] [pid 2424] [client ::1:57553] PHP Parse error:  syntax error, unexpected token "else" in /Users/bashkov/localhost/index.php on line 53
[Thu Mar 07 22:44:03.438199 2024] [php:error] [pid 2426] [client ::1:57574] PHP Fatal error:  Uncaught TypeError: count(): Argument #1 ($value) must be of type Countable|array, string given in /Users/bashkov/localhost/index.php:45\nStack trace:\n#0 {main}\n  thrown in /Users/bashkov/localhost/index.php on line 45
